[0m15:59:21.033600 [debug] [MainThread]: Sending event: {'category': 'dbt', 'action': 'invocation', 'label': 'start', 'context': [<snowplow_tracker.self_describing_json.SelfDescribingJson object at 0x105af3860>, <snowplow_tracker.self_describing_json.SelfDescribingJson object at 0x106170830>, <snowplow_tracker.self_describing_json.SelfDescribingJson object at 0x1061704d0>]}


============================== 15:59:21.038599 | 6b2d48e7-2852-48cf-80bd-4f0c7909b9bf ==============================
[0m15:59:21.038599 [info ] [MainThread]: Running with dbt=1.8.0
[0m15:59:21.038916 [debug] [MainThread]: running dbt with arguments {'printer_width': '80', 'indirect_selection': 'eager', 'write_json': 'True', 'log_cache_events': 'False', 'partial_parse': 'True', 'cache_selected_only': 'False', 'warn_error': 'None', 'debug': 'False', 'fail_fast': 'False', 'log_path': 'logs', 'version_check': 'True', 'profiles_dir': '/Users/tiennham/.dbt', 'use_colors': 'True', 'use_experimental_parser': 'False', 'no_print': 'None', 'quiet': 'False', 'warn_error_options': 'WarnErrorOptions(include=[], exclude=[])', 'invocation_command': 'dbt init', 'introspect': 'True', 'log_format': 'default', 'target_path': 'None', 'static_parser': 'True', 'send_anonymous_usage_stats': 'True'}
[0m15:59:21.047228 [warn ] [MainThread]: [ConfigFolderDirectory]: Unable to parse dict {'dir': PosixPath('/Users/tiennham/.dbt')}
[0m15:59:21.047505 [info ] [MainThread]: Creating dbt configuration folder at 
[0m15:59:28.438252 [debug] [MainThread]: Starter project path: /Users/tiennham/Learn/data_engineering/freecodecamp/tien_practice/elt/dbt_venv/lib/python3.12/site-packages/dbt/include/starter_project
[0m15:59:28.445477 [info ] [MainThread]: 
Your new dbt project "custom_postgres" was created!

For more information on how to configure the profiles.yml file,
please consult the dbt documentation here:

  https://docs.getdbt.com/docs/configure-your-profile

One more thing:

Need help? Don't hesitate to reach out to us via GitHub issues or on Slack:

  https://community.getdbt.com/

Happy modeling!

[0m15:59:28.445889 [info ] [MainThread]: Setting up your profile.
[0m16:13:47.075164 [info ] [MainThread]: Profile custom_postgres written to /Users/tiennham/.dbt/profiles.yml using target's profile_template.yml and your supplied values. Run 'dbt debug' to validate the connection.
[0m16:13:47.138970 [debug] [MainThread]: Resource report: {"command_name": "init", "command_success": true, "command_wall_clock_time": 866.10913, "process_user_time": 0.593656, "process_kernel_time": 0.131614, "process_mem_max_rss": "95780864", "process_in_blocks": "0", "process_out_blocks": "0"}
[0m16:13:47.140627 [debug] [MainThread]: Command `dbt init` succeeded at 16:13:47.140446 after 866.11 seconds
[0m16:13:47.141726 [debug] [MainThread]: Sending event: {'category': 'dbt', 'action': 'invocation', 'label': 'end', 'context': [<snowplow_tracker.self_describing_json.SelfDescribingJson object at 0x105dc33e0>, <snowplow_tracker.self_describing_json.SelfDescribingJson object at 0x105209730>, <snowplow_tracker.self_describing_json.SelfDescribingJson object at 0x106172900>]}
[0m16:13:47.142583 [debug] [MainThread]: Flushing usage events
